Traceback (most recent call last):
  File "/opt/ros/humble/lib/rosidl_typesupport_introspection_c/rosidl_typesupport_introspection_c", line 6, in <module>
    from rosidl_typesupport_introspection_c import generate_c
ModuleNotFoundError: No module named 'rosidl_typesupport_introspection_c'
gmake[2]: *** [CMakeFiles/bumperbot_msgs__rosidl_typesupport_introspection_c.dir/build.make:151: rosidl_typesupport_introspection_c/bumperbot_msgs/action/detail/fibonacci__rosidl_typesupport_introspection_c.h] Error 1
gmake[1]: *** [CMakeFiles/Makefile2:316: CMakeFiles/bumperbot_msgs__rosidl_typesupport_introspection_c.dir/all] Error 2
gmake[1]: *** Waiting for unfinished jobs....
gmake: *** [Makefile:146: all] Error 2
