-- The C compiler identification is GNU 14.2.0
-- The CXX compiler identification is GNU 14.2.0
-- Detecting C compiler ABI info
-- Detecting C compiler ABI info - done
-- Check for working C compiler: /usr/bin/cc - skipped
-- Detecting C compile features
-- Detecting C compile features - done
-- Detecting CXX compiler ABI info
-- Detecting CXX compiler ABI info - done
-- Check for working CXX compiler: /usr/bin/c++ - skipped
-- Detecting CXX compile features
-- Detecting CXX compile features - done
-- Found ament_cmake: 1.3.11 (/home/pi/ros2_humble/install/ament_cmake/share/ament_cmake/cmake)
-- Found Python3: /usr/bin/python3 (found version "3.12.7") found components: Interpreter
-- Override CMake install command with custom implementation using symlinks instead of copying resources
-- Found rclcpp: 16.0.11 (/home/pi/ros2_humble/install/rclcpp/share/rclcpp/cmake)
-- Found rosidl_generator_c: 3.1.6 (/home/pi/ros2_humble/install/rosidl_generator_c/share/rosidl_generator_c/cmake)
-- Found rosidl_adapter: 3.1.6 (/home/pi/ros2_humble/install/rosidl_adapter/share/rosidl_adapter/cmake)
-- Found rosidl_generator_cpp: 3.1.6 (/home/pi/ros2_humble/install/rosidl_generator_cpp/share/rosidl_generator_cpp/cmake)
-- Using all available rosidl_typesupport_c: rosidl_typesupport_introspection_c;rosidl_typesupport_fastrtps_c
-- Using all available rosidl_typesupport_cpp: rosidl_typesupport_introspection_cpp;rosidl_typesupport_fastrtps_cpp
-- Found rmw_implementation_cmake: 6.1.2 (/home/pi/ros2_humble/install/rmw_implementation_cmake/share/rmw_implementation_cmake/cmake)
-- Found rmw_fastrtps_cpp: 6.2.7 (/home/pi/ros2_humble/install/rmw_fastrtps_cpp/share/rmw_fastrtps_cpp/cmake)
-- Found OpenSSL: /usr/lib/aarch64-linux-gnu/libcrypto.so (found version "3.3.1")
-- Found FastRTPS: /home/pi/ros2_humble/install/fastrtps/include
-- Using RMW implementation 'rmw_fastrtps_cpp' as default
-- Performing Test CMAKE_HAVE_LIBC_PTHREAD
-- Performing Test CMAKE_HAVE_LIBC_PTHREAD - Success
-- Found Threads: TRUE
-- Found rclpy: 3.3.15 (/home/pi/ros2_humble/install/rclpy/share/rclpy/cmake)
-- Found geometry_msgs: 4.2.4 (/home/pi/ros2_humble/install/geometry_msgs/share/geometry_msgs/cmake)
-- Found sensor_msgs: 4.2.4 (/home/pi/ros2_humble/install/sensor_msgs/share/sensor_msgs/cmake)
-- Found nav_msgs: 4.2.4 (/home/pi/ros2_humble/install/nav_msgs/share/nav_msgs/cmake)
-- Found tf2_ros: 0.25.12 (/home/pi/ros2_humble/install/tf2_ros/share/tf2_ros/cmake)
-- Configuring done (10.7s)
-- Generating done (0.1s)
-- Build files have been written to: /home/pi/bumperbot_ws/build/bumperbot_controller
[ 16%] [32mBuilding CXX object CMakeFiles/noisy_controller.dir/src/noisy_controller.cpp.o[0m
[ 33%] [32mBuilding CXX object CMakeFiles/simple_controller.dir/src/simple_controller.cpp.o[0m
[ 50%] [32mBuilding CXX object CMakeFiles/twist_relay.dir/src/twist_relay.cpp.o[0m
[ 50%] Built target ament_cmake_python_symlink_bumperbot_controller
running egg_info
creating bumperbot_controller.egg-info
writing bumperbot_controller.egg-info/PKG-INFO
writing dependency_links to bumperbot_controller.egg-info/dependency_links.txt
writing top-level names to bumperbot_controller.egg-info/top_level.txt
writing manifest file 'bumperbot_controller.egg-info/SOURCES.txt'
reading manifest file 'bumperbot_controller.egg-info/SOURCES.txt'
writing manifest file 'bumperbot_controller.egg-info/SOURCES.txt'
[ 50%] Built target ament_cmake_python_build_bumperbot_controller_egg
gmake[2]: *** [CMakeFiles/twist_relay.dir/build.make:76: CMakeFiles/twist_relay.dir/src/twist_relay.cpp.o] Interrupt
gmake[1]: *** [CMakeFiles/Makefile2:196: CMakeFiles/twist_relay.dir/all] Interrupt
gmake[2]: *** wait: No child processes.  Stop.
gmake[2]: *** Waiting for unfinished jobs....
gmake[2]: *** [CMakeFiles/simple_controller.dir/build.make:76: CMakeFiles/simple_controller.dir/src/simple_controller.cpp.o] Interrupt
gmake[1]: *** [CMakeFiles/Makefile2:144: CMakeFiles/simple_controller.dir/all] Interrupt
gmake[2]: *** wait: No child processes.  Stop.
gmake[1]: *** [CMakeFiles/Makefile2:170: CMakeFiles/noisy_controller.dir/all] Error 2
gmake: *** [Makefile:146: all] Interrupt
