[0.116s] Invoking command in '/home/pi/bumperbot_ws/build/bumperbot_controller': CMAKE_PREFIX_PATH=${CMAKE_PREFIX_PATH}:/home/pi/ros2_humble/install/rqt_bag_plugins:/home/pi/ros2_humble/install/rqt_bag:/home/pi/ros2_humble/install/launch_testing_examples:/home/pi/ros2_humble/install/ros2bag:/home/pi/ros2_humble/install/tracetools_test:/home/pi/ros2_humble/install/tracetools_launch:/home/pi/ros2_humble/install/topic_monitor:/home/pi/ros2_humble/install/tf2_tools:/home/pi/ros2_humble/install/examples_tf2_py:/home/pi/ros2_humble/install/tf2_ros_py:/home/pi/ros2_humble/install/sros2:/home/pi/ros2_humble/install/rqt_topic:/home/pi/ros2_humble/install/rqt_srv:/home/pi/ros2_humble/install/rqt_shell:/home/pi/ros2_humble/install/rqt_service_caller:/home/pi/ros2_humble/install/rqt_reconfigure:/home/pi/ros2_humble/install/rqt_py_console:/home/pi/ros2_humble/install/rqt_publisher:/home/pi/ros2_humble/install/rqt_plot:/home/pi/ros2_humble/install/rqt_action:/home/pi/ros2_humble/install/rqt_msg:/home/pi/ros2_humble/install/rqt_console:/home/pi/ros2_humble/install/rqt:/home/pi/ros2_humble/install/rqt_graph:/home/pi/ros2_humble/install/rqt_gui_py:/home/pi/ros2_humble/install/rqt_gui:/home/pi/ros2_humble/install/ros2trace:/home/pi/ros2_humble/install/ros2topic:/home/pi/ros2_humble/install/ros2test:/home/pi/ros2_humble/install/ros2component:/home/pi/ros2_humble/install/ros2param:/home/pi/ros2_humble/install/ros2lifecycle:/home/pi/ros2_humble/install/ros2service:/home/pi/ros2_humble/install/ros2run:/home/pi/ros2_humble/install/ros2launch:/home/pi/ros2_humble/install/ros2pkg:/home/pi/ros2_humble/install/ros2node:/home/pi/ros2_humble/install/ros2multicast:/home/pi/ros2_humble/install/ros2interface:/home/pi/ros2_humble/install/ros2doctor:/home/pi/ros2_humble/install/ros2action:/home/pi/ros2_humble/install/ros2cli:/home/pi/ros2_humble/install/quality_of_service_demo_py:/home/pi/ros2_humble/install/lifecycle_py:/home/pi/ros2_humble/install/launch_testing_ros:/home/pi/ros2_humble/install/launch_ros:/home/pi/ros2_humble/install/examples_rclpy_pointcloud_publisher:/home/pi/ros2_humble/install/examples_rclpy_minimal_subscriber:/home/pi/ros2_humble/install/examples_rclpy_minimal_service:/home/pi/ros2_humble/install/examples_rclpy_minimal_publisher:/home/pi/ros2_humble/install/examples_rclpy_minimal_client:/home/pi/ros2_humble/install/examples_rclpy_minimal_action_server:/home/pi/ros2_humble/install/examples_rclpy_minimal_action_client:/home/pi/ros2_humble/install/examples_rclpy_guard_conditions:/home/pi/ros2_humble/install/examples_rclpy_executors:/home/pi/ros2_humble/install/demo_nodes_py:/home/pi/ros2_humble/install/camera_info_manager_py:/home/pi/ros2_humble/install/action_tutorials_py:/home/pi/ros2_humble/install/ament_uncrustify:/home/pi/ros2_humble/install/tracetools_trace:/home/pi/ros2_humble/install/tracetools_read:/home/pi/ros2_humble/install/test_tracetools_launch:/home/pi/ros2_humble/install/test_launch_ros:/home/pi/ros2_humble/install/sensor_msgs_py:/home/pi/ros2_humble/install/rpyutils:/home/pi/ros2_humble/install/rosidl_runtime_py:/home/pi/ros2_humble/install/rosidl_cli:/home/pi/ros2_humble/install/launch_pytest:/home/pi/ros2_humble/install/launch_testing:/home/pi/ros2_humble/install/launch_yaml:/home/pi/ros2_humble/install/launch_xml:/home/pi/ros2_humble/install/launch:/home/pi/ros2_humble/install/osrf_pycommon:/home/pi/ros2_humble/install/domain_coordinator:/home/pi/ros2_humble/install/ament_xmllint:/home/pi/ros2_humble/install/ament_pyflakes:/home/pi/ros2_humble/install/ament_pycodestyle:/home/pi/ros2_humble/install/ament_pep257:/home/pi/ros2_humble/install/ament_pclint:/home/pi/ros2_humble/install/ament_package:/home/pi/ros2_humble/install/ament_mypy:/home/pi/ros2_humble/install/ament_lint_cmake:/home/pi/ros2_humble/install/ament_flake8:/home/pi/ros2_humble/install/ament_copyright:/home/pi/ros2_humble/install/ament_lint:/home/pi/ros2_humble/install/ament_index_python:/home/pi/ros2_humble/install/ament_cpplint:/home/pi/ros2_humble/install/ament_cppcheck:/home/pi/ros2_humble/install/ament_clang_tidy:/home/pi/ros2_humble/install/ament_clang_format /usr/bin/cmake /home/pi/bumperbot_ws/src/bumperbot_controller -DAMENT_CMAKE_SYMLINK_INSTALL=1 -DCMAKE_INSTALL_PREFIX=/home/pi/bumperbot_ws/install/bumperbot_controller
[0.805s] -- The C compiler identification is GNU 14.2.0
[1.335s] -- The CXX compiler identification is GNU 14.2.0
[1.386s] -- Detecting C compiler ABI info
[1.847s] -- Detecting C compiler ABI info - done
[1.887s] -- Check for working C compiler: /usr/bin/cc - skipped
[1.887s] -- Detecting C compile features
[1.888s] -- Detecting C compile features - done
[1.897s] -- Detecting CXX compiler ABI info
[2.376s] -- Detecting CXX compiler ABI info - done
[2.416s] -- Check for working CXX compiler: /usr/bin/c++ - skipped
[2.417s] -- Detecting CXX compile features
[2.422s] -- Detecting CXX compile features - done
[2.484s] -- Found ament_cmake: 1.3.11 (/home/pi/ros2_humble/install/ament_cmake/share/ament_cmake/cmake)
[3.691s] -- Found Python3: /usr/bin/python3 (found version "3.12.7") found components: Interpreter
[4.098s] -- Override CMake install command with custom implementation using symlinks instead of copying resources
[4.857s] -- Found rclcpp: 16.0.11 (/home/pi/ros2_humble/install/rclcpp/share/rclcpp/cmake)
[5.370s] -- Found rosidl_generator_c: 3.1.6 (/home/pi/ros2_humble/install/rosidl_generator_c/share/rosidl_generator_c/cmake)
[5.434s] -- Found rosidl_adapter: 3.1.6 (/home/pi/ros2_humble/install/rosidl_adapter/share/rosidl_adapter/cmake)
[5.565s] -- Found rosidl_generator_cpp: 3.1.6 (/home/pi/ros2_humble/install/rosidl_generator_cpp/share/rosidl_generator_cpp/cmake)
[5.785s] -- Using all available rosidl_typesupport_c: rosidl_typesupport_introspection_c;rosidl_typesupport_fastrtps_c
[6.006s] -- Using all available rosidl_typesupport_cpp: rosidl_typesupport_introspection_cpp;rosidl_typesupport_fastrtps_cpp
[6.686s] -- Found rmw_implementation_cmake: 6.1.2 (/home/pi/ros2_humble/install/rmw_implementation_cmake/share/rmw_implementation_cmake/cmake)
[6.848s] -- Found rmw_fastrtps_cpp: 6.2.7 (/home/pi/ros2_humble/install/rmw_fastrtps_cpp/share/rmw_fastrtps_cpp/cmake)
[7.707s] -- Found OpenSSL: /usr/lib/aarch64-linux-gnu/libcrypto.so (found version "3.3.1")
[7.825s] -- Found FastRTPS: /home/pi/ros2_humble/install/fastrtps/include
[7.937s] -- Using RMW implementation 'rmw_fastrtps_cpp' as default
[8.113s] -- Performing Test CMAKE_HAVE_LIBC_PTHREAD
[8.438s] -- Performing Test CMAKE_HAVE_LIBC_PTHREAD - Success
[8.440s] -- Found Threads: TRUE
[8.759s] -- Found rclpy: 3.3.15 (/home/pi/ros2_humble/install/rclpy/share/rclpy/cmake)
[8.779s] -- Found geometry_msgs: 4.2.4 (/home/pi/ros2_humble/install/geometry_msgs/share/geometry_msgs/cmake)
[8.832s] -- Found sensor_msgs: 4.2.4 (/home/pi/ros2_humble/install/sensor_msgs/share/sensor_msgs/cmake)
[8.920s] -- Found nav_msgs: 4.2.4 (/home/pi/ros2_humble/install/nav_msgs/share/nav_msgs/cmake)
[8.991s] -- Found tf2_ros: 0.25.12 (/home/pi/ros2_humble/install/tf2_ros/share/tf2_ros/cmake)
[10.881s] -- Configuring done (10.7s)
[10.976s] -- Generating done (0.1s)
[10.988s] -- Build files have been written to: /home/pi/bumperbot_ws/build/bumperbot_controller
[11.020s] Invoked command in '/home/pi/bumperbot_ws/build/bumperbot_controller' returned '0': CMAKE_PREFIX_PATH=${CMAKE_PREFIX_PATH}:/home/pi/ros2_humble/install/rqt_bag_plugins:/home/pi/ros2_humble/install/rqt_bag:/home/pi/ros2_humble/install/launch_testing_examples:/home/pi/ros2_humble/install/ros2bag:/home/pi/ros2_humble/install/tracetools_test:/home/pi/ros2_humble/install/tracetools_launch:/home/pi/ros2_humble/install/topic_monitor:/home/pi/ros2_humble/install/tf2_tools:/home/pi/ros2_humble/install/examples_tf2_py:/home/pi/ros2_humble/install/tf2_ros_py:/home/pi/ros2_humble/install/sros2:/home/pi/ros2_humble/install/rqt_topic:/home/pi/ros2_humble/install/rqt_srv:/home/pi/ros2_humble/install/rqt_shell:/home/pi/ros2_humble/install/rqt_service_caller:/home/pi/ros2_humble/install/rqt_reconfigure:/home/pi/ros2_humble/install/rqt_py_console:/home/pi/ros2_humble/install/rqt_publisher:/home/pi/ros2_humble/install/rqt_plot:/home/pi/ros2_humble/install/rqt_action:/home/pi/ros2_humble/install/rqt_msg:/home/pi/ros2_humble/install/rqt_console:/home/pi/ros2_humble/install/rqt:/home/pi/ros2_humble/install/rqt_graph:/home/pi/ros2_humble/install/rqt_gui_py:/home/pi/ros2_humble/install/rqt_gui:/home/pi/ros2_humble/install/ros2trace:/home/pi/ros2_humble/install/ros2topic:/home/pi/ros2_humble/install/ros2test:/home/pi/ros2_humble/install/ros2component:/home/pi/ros2_humble/install/ros2param:/home/pi/ros2_humble/install/ros2lifecycle:/home/pi/ros2_humble/install/ros2service:/home/pi/ros2_humble/install/ros2run:/home/pi/ros2_humble/install/ros2launch:/home/pi/ros2_humble/install/ros2pkg:/home/pi/ros2_humble/install/ros2node:/home/pi/ros2_humble/install/ros2multicast:/home/pi/ros2_humble/install/ros2interface:/home/pi/ros2_humble/install/ros2doctor:/home/pi/ros2_humble/install/ros2action:/home/pi/ros2_humble/install/ros2cli:/home/pi/ros2_humble/install/quality_of_service_demo_py:/home/pi/ros2_humble/install/lifecycle_py:/home/pi/ros2_humble/install/launch_testing_ros:/home/pi/ros2_humble/install/launch_ros:/home/pi/ros2_humble/install/examples_rclpy_pointcloud_publisher:/home/pi/ros2_humble/install/examples_rclpy_minimal_subscriber:/home/pi/ros2_humble/install/examples_rclpy_minimal_service:/home/pi/ros2_humble/install/examples_rclpy_minimal_publisher:/home/pi/ros2_humble/install/examples_rclpy_minimal_client:/home/pi/ros2_humble/install/examples_rclpy_minimal_action_server:/home/pi/ros2_humble/install/examples_rclpy_minimal_action_client:/home/pi/ros2_humble/install/examples_rclpy_guard_conditions:/home/pi/ros2_humble/install/examples_rclpy_executors:/home/pi/ros2_humble/install/demo_nodes_py:/home/pi/ros2_humble/install/camera_info_manager_py:/home/pi/ros2_humble/install/action_tutorials_py:/home/pi/ros2_humble/install/ament_uncrustify:/home/pi/ros2_humble/install/tracetools_trace:/home/pi/ros2_humble/install/tracetools_read:/home/pi/ros2_humble/install/test_tracetools_launch:/home/pi/ros2_humble/install/test_launch_ros:/home/pi/ros2_humble/install/sensor_msgs_py:/home/pi/ros2_humble/install/rpyutils:/home/pi/ros2_humble/install/rosidl_runtime_py:/home/pi/ros2_humble/install/rosidl_cli:/home/pi/ros2_humble/install/launch_pytest:/home/pi/ros2_humble/install/launch_testing:/home/pi/ros2_humble/install/launch_yaml:/home/pi/ros2_humble/install/launch_xml:/home/pi/ros2_humble/install/launch:/home/pi/ros2_humble/install/osrf_pycommon:/home/pi/ros2_humble/install/domain_coordinator:/home/pi/ros2_humble/install/ament_xmllint:/home/pi/ros2_humble/install/ament_pyflakes:/home/pi/ros2_humble/install/ament_pycodestyle:/home/pi/ros2_humble/install/ament_pep257:/home/pi/ros2_humble/install/ament_pclint:/home/pi/ros2_humble/install/ament_package:/home/pi/ros2_humble/install/ament_mypy:/home/pi/ros2_humble/install/ament_lint_cmake:/home/pi/ros2_humble/install/ament_flake8:/home/pi/ros2_humble/install/ament_copyright:/home/pi/ros2_humble/install/ament_lint:/home/pi/ros2_humble/install/ament_index_python:/home/pi/ros2_humble/install/ament_cpplint:/home/pi/ros2_humble/install/ament_cppcheck:/home/pi/ros2_humble/install/ament_clang_tidy:/home/pi/ros2_humble/install/ament_clang_format /usr/bin/cmake /home/pi/bumperbot_ws/src/bumperbot_controller -DAMENT_CMAKE_SYMLINK_INSTALL=1 -DCMAKE_INSTALL_PREFIX=/home/pi/bumperbot_ws/install/bumperbot_controller
[11.021s] Invoking command in '/home/pi/bumperbot_ws/build/bumperbot_controller': CMAKE_PREFIX_PATH=${CMAKE_PREFIX_PATH}:/home/pi/ros2_humble/install/rqt_bag_plugins:/home/pi/ros2_humble/install/rqt_bag:/home/pi/ros2_humble/install/launch_testing_examples:/home/pi/ros2_humble/install/ros2bag:/home/pi/ros2_humble/install/tracetools_test:/home/pi/ros2_humble/install/tracetools_launch:/home/pi/ros2_humble/install/topic_monitor:/home/pi/ros2_humble/install/tf2_tools:/home/pi/ros2_humble/install/examples_tf2_py:/home/pi/ros2_humble/install/tf2_ros_py:/home/pi/ros2_humble/install/sros2:/home/pi/ros2_humble/install/rqt_topic:/home/pi/ros2_humble/install/rqt_srv:/home/pi/ros2_humble/install/rqt_shell:/home/pi/ros2_humble/install/rqt_service_caller:/home/pi/ros2_humble/install/rqt_reconfigure:/home/pi/ros2_humble/install/rqt_py_console:/home/pi/ros2_humble/install/rqt_publisher:/home/pi/ros2_humble/install/rqt_plot:/home/pi/ros2_humble/install/rqt_action:/home/pi/ros2_humble/install/rqt_msg:/home/pi/ros2_humble/install/rqt_console:/home/pi/ros2_humble/install/rqt:/home/pi/ros2_humble/install/rqt_graph:/home/pi/ros2_humble/install/rqt_gui_py:/home/pi/ros2_humble/install/rqt_gui:/home/pi/ros2_humble/install/ros2trace:/home/pi/ros2_humble/install/ros2topic:/home/pi/ros2_humble/install/ros2test:/home/pi/ros2_humble/install/ros2component:/home/pi/ros2_humble/install/ros2param:/home/pi/ros2_humble/install/ros2lifecycle:/home/pi/ros2_humble/install/ros2service:/home/pi/ros2_humble/install/ros2run:/home/pi/ros2_humble/install/ros2launch:/home/pi/ros2_humble/install/ros2pkg:/home/pi/ros2_humble/install/ros2node:/home/pi/ros2_humble/install/ros2multicast:/home/pi/ros2_humble/install/ros2interface:/home/pi/ros2_humble/install/ros2doctor:/home/pi/ros2_humble/install/ros2action:/home/pi/ros2_humble/install/ros2cli:/home/pi/ros2_humble/install/quality_of_service_demo_py:/home/pi/ros2_humble/install/lifecycle_py:/home/pi/ros2_humble/install/launch_testing_ros:/home/pi/ros2_humble/install/launch_ros:/home/pi/ros2_humble/install/examples_rclpy_pointcloud_publisher:/home/pi/ros2_humble/install/examples_rclpy_minimal_subscriber:/home/pi/ros2_humble/install/examples_rclpy_minimal_service:/home/pi/ros2_humble/install/examples_rclpy_minimal_publisher:/home/pi/ros2_humble/install/examples_rclpy_minimal_client:/home/pi/ros2_humble/install/examples_rclpy_minimal_action_server:/home/pi/ros2_humble/install/examples_rclpy_minimal_action_client:/home/pi/ros2_humble/install/examples_rclpy_guard_conditions:/home/pi/ros2_humble/install/examples_rclpy_executors:/home/pi/ros2_humble/install/demo_nodes_py:/home/pi/ros2_humble/install/camera_info_manager_py:/home/pi/ros2_humble/install/action_tutorials_py:/home/pi/ros2_humble/install/ament_uncrustify:/home/pi/ros2_humble/install/tracetools_trace:/home/pi/ros2_humble/install/tracetools_read:/home/pi/ros2_humble/install/test_tracetools_launch:/home/pi/ros2_humble/install/test_launch_ros:/home/pi/ros2_humble/install/sensor_msgs_py:/home/pi/ros2_humble/install/rpyutils:/home/pi/ros2_humble/install/rosidl_runtime_py:/home/pi/ros2_humble/install/rosidl_cli:/home/pi/ros2_humble/install/launch_pytest:/home/pi/ros2_humble/install/launch_testing:/home/pi/ros2_humble/install/launch_yaml:/home/pi/ros2_humble/install/launch_xml:/home/pi/ros2_humble/install/launch:/home/pi/ros2_humble/install/osrf_pycommon:/home/pi/ros2_humble/install/domain_coordinator:/home/pi/ros2_humble/install/ament_xmllint:/home/pi/ros2_humble/install/ament_pyflakes:/home/pi/ros2_humble/install/ament_pycodestyle:/home/pi/ros2_humble/install/ament_pep257:/home/pi/ros2_humble/install/ament_pclint:/home/pi/ros2_humble/install/ament_package:/home/pi/ros2_humble/install/ament_mypy:/home/pi/ros2_humble/install/ament_lint_cmake:/home/pi/ros2_humble/install/ament_flake8:/home/pi/ros2_humble/install/ament_copyright:/home/pi/ros2_humble/install/ament_lint:/home/pi/ros2_humble/install/ament_index_python:/home/pi/ros2_humble/install/ament_cpplint:/home/pi/ros2_humble/install/ament_cppcheck:/home/pi/ros2_humble/install/ament_clang_tidy:/home/pi/ros2_humble/install/ament_clang_format /usr/bin/cmake --build /home/pi/bumperbot_ws/build/bumperbot_controller -- -j4 -l4
[11.237s] [ 16%] [32mBuilding CXX object CMakeFiles/noisy_controller.dir/src/noisy_controller.cpp.o[0m
[11.266s] [ 33%] [32mBuilding CXX object CMakeFiles/simple_controller.dir/src/simple_controller.cpp.o[0m
[11.301s] [ 50%] [32mBuilding CXX object CMakeFiles/twist_relay.dir/src/twist_relay.cpp.o[0m
[11.336s] [ 50%] Built target ament_cmake_python_symlink_bumperbot_controller
[12.605s] running egg_info
[12.607s] creating bumperbot_controller.egg-info
[12.672s] writing bumperbot_controller.egg-info/PKG-INFO
[12.673s] writing dependency_links to bumperbot_controller.egg-info/dependency_links.txt
[12.676s] writing top-level names to bumperbot_controller.egg-info/top_level.txt
[12.676s] writing manifest file 'bumperbot_controller.egg-info/SOURCES.txt'
[12.907s] reading manifest file 'bumperbot_controller.egg-info/SOURCES.txt'
[12.908s] writing manifest file 'bumperbot_controller.egg-info/SOURCES.txt'
[13.017s] [ 50%] Built target ament_cmake_python_build_bumperbot_controller_egg
[19.774s] gmake[2]: *** [CMakeFiles/twist_relay.dir/build.make:76: CMakeFiles/twist_relay.dir/src/twist_relay.cpp.o] Interrupt
[19.775s] gmake[1]: *** [CMakeFiles/Makefile2:196: CMakeFiles/twist_relay.dir/all] Interrupt
[19.776s] gmake[2]: *** wait: No child processes.  Stop.
[19.776s] gmake[2]: *** Waiting for unfinished jobs....
[19.777s] gmake[2]: *** [CMakeFiles/simple_controller.dir/build.make:76: CMakeFiles/simple_controller.dir/src/simple_controller.cpp.o] Interrupt
[19.778s] gmake[1]: *** [CMakeFiles/Makefile2:144: CMakeFiles/simple_controller.dir/all] Interrupt
[19.780s] gmake[2]: *** wait: No child processes.  Stop.
[19.780s] gmake[1]: *** [CMakeFiles/Makefile2:170: CMakeFiles/noisy_controller.dir/all] Error 2
[19.780s] gmake: *** [Makefile:146: all] Interrupt
